<?xml version="1.0" encoding="UTF-8"?>
<Site BuildName="(empty)"
	BuildStamp="20240216-0147-Experimental"
	Name="karr"
	Generator="ctest-3.16.3"
	CompilerName="/usr/bin/g++"
	CompilerVersion="9.4.0"
	OSName="Linux"
	Hostname="karr"
	OSRelease="5.15.0-94-generic"
	OSVersion="#104~20.04.1-Ubuntu SMP Tue Jan 16 13:34:09 UTC 2024"
	OSPlatform="x86_64"
	Is64Bits="1"
	VendorString="GenuineIntel"
	VendorID="Intel Corporation"
	FamilyID="6"
	ModelID="186"
	ProcessorCacheSize="12288"
	NumberOfLogicalCPU="2"
	NumberOfPhysicalCPU="2"
	TotalVirtualMemory="2047"
	TotalPhysicalMemory="3912"
	LogicalProcessorsPerPhysical="1"
	ProcessorClockFrequency="2611.2"
	>
	<Testing>
		<StartDateTime>Feb 16 10:47 KST</StartDateTime>
		<StartTestTime>1708048077</StartTestTime>
		<TestList/>
		<EndDateTime>Feb 16 10:47 KST</EndDateTime>
		<EndTestTime>1708048077</EndTestTime>
		<ElapsedMinutes>0</ElapsedMinutes>
	</Testing>
</Site>
